<?xml version="1.0" encoding="UTF-8"?>
<!-- Generated by org.testng.reporters.JUnitReportReporter -->
<testsuite hostname="DESKTOP-B58JVGG" failures="0" tests="6" name="com.shakticoin.tests.PassRecAddTrustedMobileTest" time="14.401" errors="0" timestamp="2022-05-30T13:07:27 IST" skipped="0">
  <testcase classname="com.shakticoin.tests.PassRecAddTrustedMobileTest" name="selectSetPassRecoveryOption" time="5.257"/>
  <system-out/>
  <testcase classname="com.shakticoin.tests.PassRecAddTrustedMobileTest" name="clickSMSVerification" time="0.093"/>
  <system-out/>
  <testcase classname="com.shakticoin.tests.PassRecAddTrustedMobileTest" name="clickAddtrustedMobileButton" time="0.113"/>
  <system-out/>
  <testcase classname="com.shakticoin.tests.PassRecAddTrustedMobileTest" name="sendMobileOTP" time="0.208"/>
  <system-out/>
  <testcase classname="com.shakticoin.tests.PassRecAddTrustedMobileTest" name="validateOTP" time="6.525"/>
  <system-out/>
  <testcase classname="com.shakticoin.tests.PassRecAddTrustedMobileTest" name="confirmPassowrd" time="2.205"/>
  <system-out/>
</testsuite> <!-- com.shakticoin.tests.PassRecAddTrustedMobileTest -->
