<?xml version="1.0" encoding="UTF-8"?>
<!-- Generated by org.testng.reporters.JUnitReportReporter -->
<testsuite hostname="DESKTOP-B58JVGG" failures="0" tests="6" name="com.shakticoin.tests.ForgotPasswordTest" time="42.876" errors="0" timestamp="2022-05-11T11:06:45 IST" skipped="0">
  <testcase classname="com.shakticoin.tests.ForgotPasswordTest" name="sendEmailOTP" time="24.811"/>
  <system-out/>
  <testcase classname="com.shakticoin.tests.ForgotPasswordTest" name="verifyEmailOTP" time="7.721"/>
  <system-out/>
  <testcase classname="com.shakticoin.tests.ForgotPasswordTest" name="sendMobileOTP" time="1.151"/>
  <system-out/>
  <testcase classname="com.shakticoin.tests.ForgotPasswordTest" name="verifyMobileOTP" time="6.055"/>
  <system-out/>
  <testcase classname="com.shakticoin.tests.ForgotPasswordTest" name="verifyPin" time="1.793"/>
  <system-out/>
  <testcase classname="com.shakticoin.tests.ForgotPasswordTest" name="changePassword" time="1.345"/>
  <system-out/>
</testsuite> <!-- com.shakticoin.tests.ForgotPasswordTest -->
