<?xml version="1.0" encoding="UTF-8"?>
<!-- Generated by org.testng.reporters.JUnitReportReporter -->
<testsuite hostname="DESKTOP-B58JVGG" failures="0" tests="9" name="com.shakticoin.tests.PassRecAddSecurityQuestionsTest" time="11.574" errors="0" timestamp="2022-05-30T13:07:27 IST" skipped="0">
  <testcase classname="com.shakticoin.tests.PassRecAddSecurityQuestionsTest" name="selectSetPassRecoveryOption" time="5.164"/>
  <system-out/>
  <testcase classname="com.shakticoin.tests.PassRecAddSecurityQuestionsTest" name="clickSecirtyQA" time="2.092"/>
  <system-out/>
  <testcase classname="com.shakticoin.tests.PassRecAddSecurityQuestionsTest" name="addSecurityQuestions" time="0.420"/>
  <system-out/>
  <testcase classname="com.shakticoin.tests.PassRecAddSecurityQuestionsTest" name="addSecurityQuestions" time="0.414"/>
  <system-out/>
  <testcase classname="com.shakticoin.tests.PassRecAddSecurityQuestionsTest" name="addSecurityQuestions" time="0.355"/>
  <system-out/>
  <testcase classname="com.shakticoin.tests.PassRecAddSecurityQuestionsTest" name="addSecurityQuestions" time="0.425"/>
  <system-out/>
  <testcase classname="com.shakticoin.tests.PassRecAddSecurityQuestionsTest" name="addSecurityQuestions" time="0.360"/>
  <system-out/>
  <testcase classname="com.shakticoin.tests.PassRecAddSecurityQuestionsTest" name="submitQuestions" time="0.093"/>
  <system-out/>
  <testcase classname="com.shakticoin.tests.PassRecAddSecurityQuestionsTest" name="confirmPassowrd" time="2.251"/>
  <system-out/>
</testsuite> <!-- com.shakticoin.tests.PassRecAddSecurityQuestionsTest -->
