<?xml version="1.0" encoding="UTF-8"?>
<!-- Generated by org.testng.reporters.JUnitReportReporter -->
<testsuite skipped="0" hostname="LAPTOP-4JR5SL1G" name="com.shakticoin.tests.LicenseUpgradeTest" tests="5" failures="0" timestamp="2022-05-07T21:15:54 IST" time="29.550" errors="0">
  <testcase name="selectAccountSettings" time="5.278" classname="com.shakticoin.tests.LicenseUpgradeTest"/>
  <system-out/>
  <testcase name="upgradeLicense" time="5.301" classname="com.shakticoin.tests.LicenseUpgradeTest"/>
  <system-out/>
  <testcase name="fillAddressDetails" time="4.645" classname="com.shakticoin.tests.LicenseUpgradeTest"/>
  <system-out/>
  <testcase name="selectPaymentMethod" time="3.369" classname="com.shakticoin.tests.LicenseUpgradeTest"/>
  <system-out/>
  <testcase name="doPayment" time="10.957" classname="com.shakticoin.tests.LicenseUpgradeTest"/>
  <system-out/>
</testsuite> <!-- com.shakticoin.tests.LicenseUpgradeTest -->
