<?xml version="1.0" encoding="UTF-8"?>
<!-- Generated by org.testng.reporters.JUnitReportReporter -->
<testsuite hostname="DESKTOP-B58JVGG" failures="0" tests="10" name="com.shakticoin.tests.PurchaseLicenseTest" time="158.583" errors="0" timestamp="2022-05-29T17:35:25 IST" skipped="0">
  <testcase classname="com.shakticoin.tests.PurchaseLicenseTest" name="purchaseLicense" time="15.418"/>
  <system-out/>
  <testcase classname="com.shakticoin.tests.PurchaseLicenseTest" name="purchaseLicense" time="18.023"/>
  <system-out/>
  <testcase classname="com.shakticoin.tests.PurchaseLicenseTest" name="purchaseLicense" time="15.010"/>
  <system-out/>
  <testcase classname="com.shakticoin.tests.PurchaseLicenseTest" name="purchaseLicense" time="15.320"/>
  <system-out/>
  <testcase classname="com.shakticoin.tests.PurchaseLicenseTest" name="purchaseLicense" time="14.877"/>
  <system-out/>
  <testcase classname="com.shakticoin.tests.PurchaseLicenseTest" name="purchaseLicense" time="14.671"/>
  <system-out/>
  <testcase classname="com.shakticoin.tests.PurchaseLicenseTest" name="purchaseLicense" time="15.070"/>
  <system-out/>
  <testcase classname="com.shakticoin.tests.PurchaseLicenseTest" name="purchaseLicense" time="14.860"/>
  <system-out/>
  <testcase classname="com.shakticoin.tests.PurchaseLicenseTest" name="purchaseLicense" time="14.972"/>
  <system-out/>
  <testcase classname="com.shakticoin.tests.PurchaseLicenseTest" name="purchaseLicense" time="20.362"/>
  <system-out/>
</testsuite> <!-- com.shakticoin.tests.PurchaseLicenseTest -->
