<?xml version="1.0" encoding="UTF-8"?>
<!-- Generated by org.testng.reporters.JUnitReportReporter -->
<testsuite skipped="0" hostname="LAPTOP-4JR5SL1G" name="com.shakticoin.tests.RegistrationPageTest" tests="3" failures="0" timestamp="2022-04-20T11:30:59 IST" time="59.010" errors="0">
  <testcase name="verifySignupLinkTest" time="0.650" classname="com.shakticoin.tests.RegistrationPageTest"/>
  <system-out/>
  <testcase name="verifyLoginPageTitleTest" time="0.921" classname="com.shakticoin.tests.RegistrationPageTest"/>
  <system-out/>
  <testcase name="logintest" time="57.439" classname="com.shakticoin.tests.RegistrationPageTest"/>
  <system-out/>
</testsuite> <!-- com.shakticoin.tests.RegistrationPageTest -->
