<?xml version="1.0" encoding="UTF-8"?>
<!-- Generated by org.testng.reporters.JUnitReportReporter -->
<testsuite hostname="DESKTOP-B58JVGG" failures="0" tests="12" name="com.shakticoin.tests.OnBoardTest" time="27.428" errors="0" timestamp="2022-05-30T13:15:21 IST" skipped="4">
  <testcase classname="com.shakticoin.tests.OnBoardTest" name="verifySignupLinkTest" time="0.191"/>
  <system-out/>
  <testcase classname="com.shakticoin.tests.OnBoardTest" name="verifyLoginPageTitleTest" time="0.052"/>
  <system-out/>
  <testcase classname="com.shakticoin.tests.OnBoardTest" name="clickSignup" time="0.249"/>
  <system-out/>
  <testcase classname="com.shakticoin.tests.OnBoardTest" name="sendEmailOTP" time="7.901"/>
  <system-out/>
  <testcase classname="com.shakticoin.tests.OnBoardTest" name="validateEmailOTP" time="8.039"/>
  <system-out/>
  <testcase classname="com.shakticoin.tests.OnBoardTest" name="inputMobileNumber" time="0.002">
    <skipped/>
  </testcase> <!-- inputMobileNumber -->
  <system-out/>
  <testcase classname="com.shakticoin.tests.OnBoardTest" name="confirmMobile" time="0.620"/>
  <system-out/>
  <testcase classname="com.shakticoin.tests.OnBoardTest" name="validateMobile" time="8.050"/>
  <system-out/>
  <testcase classname="com.shakticoin.tests.OnBoardTest" name="login" time="2.320"/>
  <system-out/>
  <testcase classname="com.shakticoin.tests.OnBoardTest" name="setPassword" time="0.002">
    <skipped/>
  </testcase> <!-- setPassword -->
  <system-out/>
  <testcase classname="com.shakticoin.tests.OnBoardTest" name="setPin" time="0.001">
    <skipped/>
  </testcase> <!-- setPin -->
  <system-out/>
  <testcase classname="com.shakticoin.tests.OnBoardTest" name="confirmPassword" time="0.001">
    <skipped/>
  </testcase> <!-- confirmPassword -->
  <system-out/>
</testsuite> <!-- com.shakticoin.tests.OnBoardTest -->
