<?xml version="1.0" encoding="UTF-8"?>
<!-- Generated by org.testng.reporters.JUnitReportReporter -->
<testsuite skipped="0" hostname="LAPTOP-4JR5SL1G" name="com.shakticoin.tests.SendEMailOTPPageTest" tests="1" failures="0" timestamp="2022-04-24T22:01:18 IST" time="15.243" errors="0">
  <testcase name="sendEmailOTP" time="15.243" classname="com.shakticoin.tests.SendEMailOTPPageTest"/>
  <system-out/>
</testsuite> <!-- com.shakticoin.tests.SendEMailOTPPageTest -->
