<?xml version="1.0" encoding="UTF-8"?>
<!-- Generated by org.testng.reporters.JUnitReportReporter -->
<testsuite hostname="DESKTOP-B58JVGG" failures="0" tests="6" name="com.shakticoin.tests.PassRecAddTrustedEmailTest" time="13.786" errors="0" timestamp="2022-05-30T13:07:27 IST" skipped="0">
  <testcase classname="com.shakticoin.tests.PassRecAddTrustedEmailTest" name="selectSetPassRecoveryOption" time="5.178"/>
  <system-out/>
  <testcase classname="com.shakticoin.tests.PassRecAddTrustedEmailTest" name="clickEmailVerification" time="0.092"/>
  <system-out/>
  <testcase classname="com.shakticoin.tests.PassRecAddTrustedEmailTest" name="clickAddtrustedEmailButton" time="0.075"/>
  <system-out/>
  <testcase classname="com.shakticoin.tests.PassRecAddTrustedEmailTest" name="sendEmailOTP" time="0.231"/>
  <system-out/>
  <testcase classname="com.shakticoin.tests.PassRecAddTrustedEmailTest" name="validateOTP" time="6.028"/>
  <system-out/>
  <testcase classname="com.shakticoin.tests.PassRecAddTrustedEmailTest" name="confirmPassowrd" time="2.182"/>
  <system-out/>
</testsuite> <!-- com.shakticoin.tests.PassRecAddTrustedEmailTest -->
