<?xml version="1.0" encoding="UTF-8"?>
<!-- Generated by org.testng.reporters.JUnitReportReporter -->
<testsuite hostname="DESKTOP-B58JVGG" failures="0" tests="5" name="com.shakticoin.tests.PassRecUpdatePinTest" time="12.003" errors="0" timestamp="2022-05-30T13:07:27 IST" skipped="0">
  <testcase classname="com.shakticoin.tests.PassRecUpdatePinTest" name="selectSetPassRecoveryOption" time="5.208"/>
  <system-out/>
  <testcase classname="com.shakticoin.tests.PassRecUpdatePinTest" name="clickUpdatePin" time="0.105"/>
  <system-out/>
  <testcase classname="com.shakticoin.tests.PassRecUpdatePinTest" name="updatePin" time="1.335"/>
  <system-out/>
  <testcase classname="com.shakticoin.tests.PassRecUpdatePinTest" name="confirmPassowrd" time="2.196"/>
  <system-out/>
  <testcase classname="com.shakticoin.tests.PassRecUpdatePinTest" name="logout" time="3.159"/>
  <system-out/>
</testsuite> <!-- com.shakticoin.tests.PassRecUpdatePinTest -->
