<?xml version="1.0" encoding="UTF-8"?>
<!-- Generated by org.testng.reporters.JUnitReportReporter -->
<testsuite skipped="0" hostname="LAPTOP-4JR5SL1G" name="com.shakticoin.tests.LoginTest" tests="1" failures="0" timestamp="2022-04-23T23:53:51 IST" time="0.033" errors="0">
  <testcase name="login" time="0.033" classname="com.shakticoin.tests.LoginTest"/>
  <system-out/>
</testsuite> <!-- com.shakticoin.tests.LoginTest -->
