<?xml version="1.0" encoding="UTF-8"?>
<!-- Generated by org.testng.reporters.JUnitReportReporter -->
<testsuite skipped="0" hostname="LAPTOP-4JR5SL1G" name="com.shakticoin.tests.RegPasswordSetPageTest" tests="1" failures="0" timestamp="2022-04-29T18:54:56 IST" time="3.075" errors="0">
  <testcase name="register" time="3.075" classname="com.shakticoin.tests.RegPasswordSetPageTest"/>
  <system-out/>
</testsuite> <!-- com.shakticoin.tests.RegPasswordSetPageTest -->
