<?xml version="1.0" encoding="UTF-8"?>
<!-- Generated by org.testng.reporters.JUnitReportReporter -->
<testsuite hostname="DESKTOP-B58JVGG" failures="0" tests="3" name="com.shakticoin.tests.PurchaseLicenseAmazonTest" time="111.430" errors="0" timestamp="2022-05-11T13:29:45 IST" skipped="0">
  <testcase classname="com.shakticoin.tests.PurchaseLicenseAmazonTest" name="purchaseLicense" time="34.328"/>
  <system-out/>
  <testcase classname="com.shakticoin.tests.PurchaseLicenseAmazonTest" name="purchaseLicense" time="38.833"/>
  <system-out/>
  <testcase classname="com.shakticoin.tests.PurchaseLicenseAmazonTest" name="purchaseLicense" time="38.269"/>
  <system-out/>
</testsuite> <!-- com.shakticoin.tests.PurchaseLicenseAmazonTest -->
