<?xml version="1.0" encoding="UTF-8"?>
<!-- Generated by org.testng.reporters.JUnitReportReporter -->
<testsuite skipped="0" hostname="LAPTOP-4JR5SL1G" name="com.shakticoin.tests.LicenseCancellationTest" tests="2" failures="0" timestamp="2022-05-07T21:15:54 IST" time="11.879" errors="0">
  <testcase name="selectAccountSettings" time="6.023" classname="com.shakticoin.tests.LicenseCancellationTest"/>
  <system-out/>
  <testcase name="cancelLicence" time="5.856" classname="com.shakticoin.tests.LicenseCancellationTest"/>
  <system-out/>
</testsuite> <!-- com.shakticoin.tests.LicenseCancellationTest -->
