<?xml version="1.0" encoding="UTF-8"?>
<!-- Generated by org.testng.reporters.JUnitReportReporter -->
<testsuite hostname="DESKTOP-B58JVGG" failures="0" tests="7" name="com.shakticoin.tests.ForgotPassTrustedMobileTest" time="21.314" errors="0" timestamp="2022-05-11T11:06:45 IST" skipped="0">
  <testcase classname="com.shakticoin.tests.ForgotPassTrustedMobileTest" name="sendEmailOTP" time="1.854"/>
  <system-out/>
  <testcase classname="com.shakticoin.tests.ForgotPassTrustedMobileTest" name="verifyEmailOTP" time="6.047"/>
  <system-out/>
  <testcase classname="com.shakticoin.tests.ForgotPassTrustedMobileTest" name="useTrustedMobile" time="2.284"/>
  <system-out/>
  <testcase classname="com.shakticoin.tests.ForgotPassTrustedMobileTest" name="verifyMobileOTP" time="6.019"/>
  <system-out/>
  <testcase classname="com.shakticoin.tests.ForgotPassTrustedMobileTest" name="skipQA" time="3.094"/>
  <system-out/>
  <testcase classname="com.shakticoin.tests.ForgotPassTrustedMobileTest" name="verifyPin" time="0.685"/>
  <system-out/>
  <testcase classname="com.shakticoin.tests.ForgotPassTrustedMobileTest" name="changePassword" time="1.331"/>
  <system-out/>
</testsuite> <!-- com.shakticoin.tests.ForgotPassTrustedMobileTest -->
