<?xml version="1.0" encoding="UTF-8"?>
<!-- Generated by org.testng.reporters.JUnitReportReporter -->
<testsuite skipped="0" hostname="LAPTOP-4JR5SL1G" name="com.shakticoin.tests.EnterMobileNumberPageTest" tests="1" failures="0" timestamp="2022-04-23T19:19:31 IST" time="1.985" errors="0">
  <testcase name="inputMobileNumber" time="1.985" classname="com.shakticoin.tests.EnterMobileNumberPageTest"/>
  <system-out/>
</testsuite> <!-- com.shakticoin.tests.EnterMobileNumberPageTest -->
