<?xml version="1.0" encoding="UTF-8"?>
<!-- Generated by org.testng.reporters.JUnitReportReporter -->
<testsuite skipped="0" hostname="LAPTOP-4JR5SL1G" name="com.shakticoin.tests.RegistrationTest" tests="1" failures="0" timestamp="2022-04-23T23:48:31 IST" time="0.043" errors="0">
  <testcase name="Logout" time="0.043" classname="com.shakticoin.tests.RegistrationTest"/>
  <system-out/>
</testsuite> <!-- com.shakticoin.tests.RegistrationTest -->
