<?xml version="1.0" encoding="UTF-8"?>
<!-- Generated by org.testng.reporters.JUnitReportReporter -->
<testsuite skipped="0" hostname="LAPTOP-4JR5SL1G" name="com.shakticoin.tests.LoginConfirmMobilePageTest" tests="1" failures="0" timestamp="2022-04-27T23:08:15 IST" time="1.218" errors="0">
  <testcase name="confirmMobile" time="1.218" classname="com.shakticoin.tests.LoginConfirmMobilePageTest"/>
  <system-out/>
</testsuite> <!-- com.shakticoin.tests.LoginConfirmMobilePageTest -->
