<?xml version="1.0" encoding="UTF-8"?>
<!-- Generated by org.testng.reporters.JUnitReportReporter -->
<testsuite skipped="0" hostname="LAPTOP-4JR5SL1G" name="com.shakticoin.tests.LoginEnterPasswordPageTest" tests="1" failures="0" timestamp="2022-04-27T23:08:15 IST" time="2.307" errors="0">
  <testcase name="login" time="2.307" classname="com.shakticoin.tests.LoginEnterPasswordPageTest"/>
  <system-out/>
</testsuite> <!-- com.shakticoin.tests.LoginEnterPasswordPageTest -->
