<?xml version="1.0" encoding="UTF-8"?>
<!-- Generated by org.testng.reporters.JUnitReportReporter -->
<testsuite skipped="0" hostname="LAPTOP-4JR5SL1G" name="com.shakticoin.tests.ValidateEmailOTPPageTest" tests="1" failures="0" timestamp="2022-04-24T22:01:18 IST" time="10.499" errors="0">
  <testcase name="sendEmailOTP" time="10.499" classname="com.shakticoin.tests.ValidateEmailOTPPageTest"/>
  <system-out/>
</testsuite> <!-- com.shakticoin.tests.ValidateEmailOTPPageTest -->
